info|2020-11-29 10:02:09.332021|[INITIALIZER][initGlobalConfig],enableCompress=true,compatibilityVersion=2.7.0,versionNumber=34013184,enableStat=false,chainId=1,useSMCrypto=false
info|2020-11-29 10:02:09.332058|[INITIALIZER][SecureInitializer]loading privateKey
info|2020-11-29 10:02:09.340952|[INITIALIZER][SecureInitializer]get pub of node,nodeID=a12a205f6dc1a5625f8efb06e069fd5d763859a5af1f82933200389255fa07e04c828f7563b7992fb29b948589564eae0c23f69e9588e206d3c3f664f33d9656
info|2020-11-29 10:02:09.341056|[INITIALIZER][SecureInitializer]use user certificate,file=conf//node.crt
info|2020-11-29 10:02:09.341269|[INITIALIZER][SecureInitializer]use ca certificate,file=conf//ca.crt
info|2020-11-29 10:02:09.341329|[INITIALIZER][SecureInitializer]use ca,file=conf//
info|2020-11-29 10:02:09.341537|[NETWORK][Host]Connecting to node,endpoint=127.0.0.1:30300
info|2020-11-29 10:02:09.341608|[NETWORK][Host]Connecting to node,endpoint=127.0.0.1:30301
info|2020-11-29 10:02:09.341642|[NETWORK][Host]Connecting to node,endpoint=127.0.0.1:30302
info|2020-11-29 10:02:09.341674|[NETWORK][Host]Connecting to node,endpoint=127.0.0.1:30303
info|2020-11-29 10:02:09.341704|[NETWORK][Host]Connecting to node,endpoint=127.0.0.1:30304
info|2020-11-29 10:02:09.341736|[P2P][Service] heartBeat,connected count=0
info|2020-11-29 10:02:09.341761|[INITIALIZER][RPCInitializer],network_security.check_cert_issuer=true
info|2020-11-29 10:02:09.342292|[CHANNEL]ChannelRPCServer started
info|2020-11-29 10:02:09.342309|[INITIALIZER][RPCInitializer]ChannelRPCHttpServer started.
info|2020-11-29 10:02:09.342321|[INITIALIZER][LedgerInitializer]initConfig
info|2020-11-29 10:02:09.342335|[LedgerInitializer],groupConfigPath=conf/
info|2020-11-29 10:02:09.342446|[INITIALIZER][initSingleLedger] [GroupId], LedgerConstructor:  1,configFileName=conf/group.1.genesis,dataDir=data/
info|2020-11-29 10:02:09.342522|[g:1][LedgerParam][parseGenesisConfig]initConsensusConfig/initStorageConfig/initTxConfig,configFile=conf/group.1.genesis
info|2020-11-29 10:02:09.342547|[g:1][LedgerParam][initConsensusConfig],type=pbft,consensusTimeout=3,maxTxNum=1000,txGasLimit=300000000
info|2020-11-29 10:02:09.342569|[g:1][LedgerParam][parsePublicKeyListOfSection],sectionName=consensus,it.first=d3008f88a6024ccd84d91aeaefc3b749dc1aeafaf13b66b1ee80c1191530837b2858cefbf40c503a281e87ad04ff74972ec7071399527b4b8222831fa4b6ac3f
info|2020-11-29 10:02:09.342590|[g:1][LedgerParam][parsePublicKeyListOfSection],sectionName=consensus,it.first=f184d8218f399fb90db5e62ebb5c13436a2294e750ead412f729c226f1d3634e6eb2f87565d0cb637d5a8f62a189ff058778a186297d9b918143f0401e02d665
info|2020-11-29 10:02:09.342609|[g:1][LedgerParam][parsePublicKeyListOfSection],sectionName=consensus,it.first=6d2795c61e2a0240c8fe768649387756f54a57fe859083226d4faad4124eee78cd230e95d883b0058a18463ff1b7b69f60cf1e71a71d5477a2e611a55cc718ea
info|2020-11-29 10:02:09.342628|[g:1][LedgerParam][parsePublicKeyListOfSection],sectionName=consensus,it.first=4a40e0934836e9979856524275f01062a7fa3cda6de780e4a46476f7bb27b0a2576229c0fa6d8548a6eb6870e713f2aa4f6aaadb3b9a6b3f2d7870f833f528e9
info|2020-11-29 10:02:09.342639|[g:1][LedgerParam][parsePublicKeyListOfSection],totalPubKeySize=4
info|2020-11-29 10:02:09.342662|[g:1][LedgerParam][max_block_range],maxBlockRange=0,maxBlockPerProcess=3
info|2020-11-29 10:02:09.342676|[g:1][LedgerParam][parseGenesisConfig],timestamp=1606568804000
info|2020-11-29 10:02:09.342691|[g:1][LedgerParam]setEVMFlags,enableFreeStorageVMSchedule=false,evmFlags=0
info|2020-11-29 10:02:09.342709|[g:1][LedgerParam]store evmFlag,evmFlag=0
info|2020-11-29 10:02:09.342722|[g:1][LedgerParam]store consensus time,consensusTimeout=3
info|2020-11-29 10:02:09.342733|[g:1][LedgerParam][initMark],genesisMark=1-d3008f88a6024ccd84d91aeaefc3b749dc1aeafaf13b66b1ee80c1191530837b2858cefbf40c503a281e87ad04ff74972ec7071399527b4b8222831fa4b6ac3f,f184d8218f399fb90db5e62ebb5c13436a2294e750ead412f729c226f1d3634e6eb2f87565d0cb637d5a8f62a189ff058778a186297d9b918143f0401e02d665,6d2795c61e2a0240c8fe768649387756f54a57fe859083226d4faad4124eee78cd230e95d883b0058a18463ff1b7b69f60cf1e71a71d5477a2e611a55cc718ea,4a40e0934836e9979856524275f01062a7fa3cda6de780e4a46476f7bb27b0a2576229c0fa6d8548a6eb6870e713f2aa4f6aaadb3b9a6b3f2d7870f833f528e9,-pbft-storage-0-1000-300000000-3
info|2020-11-29 10:02:09.342752|[g:1][LedgerParam][initIniConfig]initTxPoolConfig/initSyncConfig/initTxExecuteConfig,configFile=conf/group.1.ini
info|2020-11-29 10:02:09.342972|[g:1][LedgerParam][initStorageConfig],stateType=storage,storageDB=rocksdb,storagePath=data//group1/block/RocksDB,baseDir=data//group1,dbtype=mysql,dbip=127.0.0.1,dbport=3306,dbcharset=utf8mb4,initconnections=15,maxconnections=50,scrollThreshold=2000
info|2020-11-29 10:02:09.342998|[g:1][LedgerParam][initTxPoolConfig],txPoolLimit=150000,memorySizeLimit(MB)=512,notifyWorkerNum=2
info|2020-11-29 10:02:09.343013|[g:1][LedgerParam][initSyncConfig],idleWaitMs=200
info|2020-11-29 10:02:09.343029|[g:1][LedgerParam][initSyncConfig],enableSendTxsByTree=true,enableSendBlockStatusByTree=true
info|2020-11-29 10:02:09.343042|[g:1][LedgerParam][initSyncConfig],gossipInterval=1000
info|2020-11-29 10:02:09.343059|[g:1][LedgerParam][initSyncConfig],enableSendBlockStatusByTree=true,gossipInterval=1000,gossipPeers=3,syncTreeWidth=3,maxQueueSizeForBlockSync=536870912,txsStatusGossipMaxPeers=5
info|2020-11-29 10:02:09.343072|[g:1][LedgerParam][InitTxExecuteConfig],enableParallel=true
info|2020-11-29 10:02:09.343093|[g:1][LedgerParam][initConsensusIniConfig],maxTTL=2,minBlockGenerationTime=500,enablDynamicBlockSize=true,blockSizeIncreaseRatio=0.5,enableTTLOptimize=true,enablePrepareWithTxsHash=true
info|2020-11-29 10:02:09.343118|[g:1][LedgerParam][initRPBFTConsensusIniConfig],broadcastPrepareByTree=true,prepareStatusBroadcastPercent=33,maxRequestMissedTxsWaitTime=100,maxRequestPrepareWaitTime=100
info|2020-11-29 10:02:09.343132|[g:1][LedgerParam][initFlowControlConfig],maxQPS=9223372036854775807,outGoingBandwidth(Bytes)=9223372036854775807
info|2020-11-29 10:02:09.343144|[g:1][LedgerParam]parseSDKAllowList,sdkAllowList=[],enableSDKAllowListControl=false
info|2020-11-29 10:02:09.343165|[g:1][LEDGER][initLedger][DBInitializer]
info|2020-11-29 10:02:09.343181|[g:1][LEDGER]setSDKAllowList,groupId=1,sdkAllowListSize=0
info|2020-11-29 10:02:09.343193|[g:1][CHANNEL]registerSDKAllowListByGroupId,groupId=1,size=0
info|2020-11-29 10:02:09.343204|[g:1][CHANNEL]Disable group-level sdk permission control for sdk allowlist is empty
info|2020-11-29 10:02:09.343215|[g:1][DBINITIALIZER] [initStorageDB]
info|2020-11-29 10:02:09.343225|[g:1][DBINITIALIZER] [initRocksDBStorage]
info|2020-11-29 10:02:09.343319|[g:1][ROCKSDB]open rocksDB handler,path=data//group1/block/RocksDB
info|2020-11-29 10:02:09.343986|[NETWORK][Host]P2P StartAccept,Host=0.0.0.0:30304
info|2020-11-29 10:02:09.344263|[NETWORK][ASIO]asyncResolveConnect,endpoint=127.0.0.1:30300
info|2020-11-29 10:02:09.344406|[NETWORK][ASIO]asyncResolveConnect,endpoint=127.0.0.1:30301
info|2020-11-29 10:02:09.344535|[NETWORK][ASIO]asyncResolveConnect,endpoint=127.0.0.1:30302
info|2020-11-29 10:02:09.344669|[NETWORK][ASIO]asyncResolveConnect,endpoint=127.0.0.1:30303
info|2020-11-29 10:02:09.344704|[NETWORK][ASIO]asyncResolveConnect,endpoint=127.0.0.1:30304
info|2020-11-29 10:02:09.347271|[NETWORK][Host]P2P Recv Connect, From=127.0.0.1:57552
info|2020-11-29 10:02:09.347310|[NETWORK][Host]P2P StartAccept,Host=0.0.0.0:30304
info|2020-11-29 10:02:09.377115|[g:1][g:1][STORAGE][CachedStorage]Init flushStorage thread
info|2020-11-29 10:02:09.377191|[g:1][DBINITIALIZER] [init CachedStorage],maxCapacity=32,maxForwardBlock=10
info|2020-11-29 10:02:09.377208|[g:1][LEDGER][initLedger][initBlockChain]
info|2020-11-29 10:02:09.377294|[g:1][LEDGER]set enableHexBlock to be false,version=34013184
info|2020-11-29 10:02:09.377312|[g:1][BLOCKCHAIN][#checkAndBuildGenesisBlock],shouldBuild=true
warning|2020-11-29 10:02:09.377364|[g:1][BLOCKCHAIN][getBlock]Can't find block,number=0
info|2020-11-29 10:02:09.377448|[g:1][BLOCKCHAIN]init consensus timeout,consensus_timeout=3
info|2020-11-29 10:02:09.377682|[g:1][g:1][STORAGE][CachedStorage]CachedStorage commit: 5 num: 0
info|2020-11-29 10:02:09.377793|[g:1][STORAGE]Submited block task: 0, current syncd block: 0
info|2020-11-29 10:02:09.377824|[g:1][BLOCKCHAIN][#checkAndBuildGenesisBlock]Insert the 0th block
info|2020-11-29 10:02:09.377855|[g:1][LEDGER][initLedger]initBlockChain SUCC
info|2020-11-29 10:02:09.378021|[g:1][DBINITIALIZER] [createStateFactory],type=storage
info|2020-11-29 10:02:09.378040|[g:1][DBINITIALIZER] createStorageState SUCC
info|2020-11-29 10:02:09.378051|[g:1][DBINITIALIZER] [createStateFactory SUCC]
info|2020-11-29 10:02:09.378061|[g:1][DBINITIALIZER] createExecutiveContext...
info|2020-11-29 10:02:09.378079|[g:1][LEDGER]createGasMetric,vmFlagType=0
info|2020-11-29 10:02:09.378091|[g:1][LEDGER]createGasMetric
info|2020-11-29 10:02:09.378103|[g:1][DBINITIALIZER] create precompiledGasFactory and precompiledResultFactory
info|2020-11-29 10:02:09.378113|[g:1][DBINITIALIZER] createExecutiveContext SUCC
info|2020-11-29 10:02:09.378124|[g:1][DBINITIALIZER] [setSyncNumForCachedStorage],syncNum=0
info|2020-11-29 10:02:09.378137|[g:1][LEDGER][initNetworkBandWidthLimiter: outGoingBandwidthLimit has been disabled],groupId=1
info|2020-11-29 10:02:09.378148|[g:1][LEDGER][QPSLimit has been disabled],groupId=1
info|2020-11-29 10:02:09.378160|[g:1][LEDGER][initLedger][initBlockVerifier]
info|2020-11-29 10:02:09.378172|[g:1][LEDGER][initLedger][initBlockVerifier SUCC],evmFlags=0
info|2020-11-29 10:02:09.378184|[g:1][LEDGER][initLedger][initTxPool],txPoolLimit=150000
info|2020-11-29 10:02:09.378260|[g:1][LEDGER][initLedger]initTxPool SUCC
info|2020-11-29 10:02:09.378275|[g:1][LEDGER][initLedger][initSync],idleWaitMs=200,gossipInterval=1000,gossipPeers=3
info|2020-11-29 10:02:09.378288|[g:1][LEDGER]Init sync master,enableSendBlockStatusByTree=true,enableSendTxsByTree=true
info|2020-11-29 10:02:09.378587|[g:1][LEDGER][initLedger]initSync SUCC
info|2020-11-29 10:02:09.378604|[g:1][LEDGER][initLedger][consensusInitFactory]
info|2020-11-29 10:02:09.378615|[g:1][LEDGER][initLedger][createPBFTSealer]
info|2020-11-29 10:02:09.378626|[g:1][LEDGER][initLedger][createPBFTSealer],baseDir=data//group1,Protocol=65544
info|2020-11-29 10:02:09.378642|[g:1][LEDGER][initLedger]createPBFTSealer for PBFT or rPBFT,consensusType=pbft
info|2020-11-29 10:02:09.378653|[g:1][LEDGER]createConsensusEngine: create PBFTEngine
info|2020-11-29 10:02:09.378666|[g:1][CONSENSUS][PBFT]Register handler for PBFTEngine
info|2020-11-29 10:02:09.378842|[g:1][CONSENSUS][PBFT]setMinBlockGenerationTime,minBlockGenerationTime=500,consensusTime=1000
info|2020-11-29 10:02:09.378862|[g:1][LEDGER][initEventLogFilterManager]initEventLogFilterManager SUCC
info|2020-11-29 10:02:09.378875|[LedgerInitializer init group succ],groupID=1
info|2020-11-29 10:02:09.379180|[INITIALIZER][RPCInitializer JsonrpcHttpServer started],jsonrpc_IP=127.0.0.1,jsonrpc_listen_port=8549,ipv6=false
info|2020-11-29 10:02:09.381885|[g:1][LEDGER]startAll...
info|2020-11-29 10:02:09.382146|[g:1][STORAGE]Start commit block: 0 to backend storage
info|2020-11-29 10:02:09.382370|[g:1][STORAGE][g:1]
---------------------------------------------------------------------
Commit block: 0 to backend storage finished, current cached block: 0
Flush elapsed time: 0.0002s
---------------------------------------------------------------------

info|2020-11-29 10:02:09.384837|[g:1][GossipBlockStatus]start GossipBlockStatus succ
info|2020-11-29 10:02:09.384854|[g:1][CONSENSUS][ConsensusEngine][Start ConsensusEngineBase]
info|2020-11-29 10:02:09.385910|[NETWORK][Host]handshakeClient succ,local endpoint=127.0.0.1:36072
info|2020-11-29 10:02:09.386000|[g:1][CONSENSUS][PBFT]^^^^^^^^Report,num=0,sealerIdx=0,hash=4a7508a8...,next=1,tx=0,nodeIdx=65535
info|2020-11-29 10:02:09.386061|[g:1][ROCKSDB]open rocksDB handler,path=data//group1/pbftMsgBackup/RocksDB
info|2020-11-29 10:02:09.386589|[P2P][Service] Connection established,nodeID=d3008f88...,endpoint=127.0.0.1:30300
info|2020-11-29 10:02:09.386658|[NETWORK][Host]startPeerSession, Remote=127.0.0.1:30300,local endpoint=127.0.0.1:36072,nodeID=d3008f88...
info|2020-11-29 10:02:09.386902|[NETWORK][Host]handshakeClient succ,local endpoint=127.0.0.1:34292
info|2020-11-29 10:02:09.386955|[P2P][Service] Connection established,nodeID=f184d821...,endpoint=127.0.0.1:30301
info|2020-11-29 10:02:09.386973|[NETWORK][Host]startPeerSession, Remote=127.0.0.1:30301,local endpoint=127.0.0.1:34292,nodeID=f184d821...
info|2020-11-29 10:02:09.387040|[NETWORK][Host]handshakeClient succ,local endpoint=127.0.0.1:44396
info|2020-11-29 10:02:09.387084|[P2P][Service] Connection established,nodeID=6d2795c6...,endpoint=127.0.0.1:30302
info|2020-11-29 10:02:09.387101|[NETWORK][Host]startPeerSession, Remote=127.0.0.1:30302,local endpoint=127.0.0.1:44396,nodeID=6d2795c6...
info|2020-11-29 10:02:09.387163|[NETWORK][Host]handshakeClient succ,local endpoint=127.0.0.1:36198
info|2020-11-29 10:02:09.387202|[P2P][Service] Connection established,nodeID=4a40e093...,endpoint=127.0.0.1:30303
info|2020-11-29 10:02:09.387218|[NETWORK][Host]startPeerSession, Remote=127.0.0.1:30303,local endpoint=127.0.0.1:36198,nodeID=4a40e093...
info|2020-11-29 10:02:09.387247|[NETWORK][Host]handshakeServer succ,remote endpoint=127.0.0.1:57552
info|2020-11-29 10:02:09.387269|[NETWORK][Host]startPeerSession, Remote=127.0.0.1:57552,local endpoint=127.0.0.1:30304,nodeID=a12a205f...
info|2020-11-29 10:02:09.387394|[NETWORK][Host]handshakeClient succ,local endpoint=127.0.0.1:57552
info|2020-11-29 10:02:09.387421|[NETWORK][Host]startPeerSession, Remote=127.0.0.1:30304,local endpoint=127.0.0.1:57552,nodeID=a12a205f...
info|2020-11-29 10:02:09.387921|[NETWORK][Session]Received topic: [4] from d3008f88a6024ccd84d91aeaefc3b749dc1aeafaf13b66b1ee80c1191530837b2858cefbf40c503a281e87ad04ff74972ec7071399527b4b8222831fa4b6ac3f
info|2020-11-29 10:02:09.387959|[NETWORK][Session]Received topic: [4] from f184d8218f399fb90db5e62ebb5c13436a2294e750ead412f729c226f1d3634e6eb2f87565d0cb637d5a8f62a189ff058778a186297d9b918143f0401e02d665
info|2020-11-29 10:02:09.426289|[g:1][CONSENSUS][PBFT][PBFT init env successfully]
info|2020-11-29 10:02:09.426315|[g:1][CONSENSUS][PBFT][Start PBFTEngine...]
info|2020-11-29 10:02:09.426386|[g:1][CONSENSUS][SEALER][Start sealer module]
info|2020-11-29 10:02:09.426647|[g:1][CONSENSUS][PBFT]^^^^^^^^Report,num=0,sealerIdx=0,hash=4a7508a8...,next=1,tx=0,nodeIdx=65535
info|2020-11-29 10:02:09.426731|[g:1][EVENT][EventLogFilterManager]start,m_maxBlockRange=0,m_maxBlockPerLoopFilter=3
info|2020-11-29 10:02:19.341800|[P2P][Service] heartBeat,connected count=4
info|2020-11-29 10:02:29.342712|[P2P][Service] heartBeat,connected count=4
info|2020-11-29 10:02:39.342774|[P2P][Service] heartBeat,connected count=4
info|2020-11-29 10:02:49.342829|[P2P][Service] heartBeat,connected count=4
info|2020-11-29 10:02:59.342958|[P2P][Service] heartBeat,connected count=4
info|2020-11-29 10:03:09.343059|[P2P][Service] heartBeat,connected count=4
info|2020-11-29 10:03:19.343123|[P2P][Service] heartBeat,connected count=4
info|2020-11-29 10:03:29.343183|[P2P][Service] heartBeat,connected count=4
info|2020-11-29 10:03:39.343241|[P2P][Service] heartBeat,connected count=4
info|2020-11-29 10:03:49.343348|[P2P][Service] heartBeat,connected count=4
info|2020-11-29 10:03:59.343462|[P2P][Service] heartBeat,connected count=4
info|2020-11-29 10:04:09.343552|[P2P][Service] heartBeat,connected count=4
info|2020-11-29 10:04:19.343643|[P2P][Service] heartBeat,connected count=4
info|2020-11-29 10:04:29.343711|[P2P][Service] heartBeat,connected count=4
info|2020-11-29 10:04:39.343927|[P2P][Service] heartBeat,connected count=4
info|2020-11-29 10:04:49.344504|[P2P][Service] heartBeat,connected count=4
info|2020-11-29 10:04:59.344568|[P2P][Service] heartBeat,connected count=4
info|2020-11-29 10:05:09.344626|[P2P][Service] heartBeat,connected count=4
info|2020-11-29 10:05:19.344805|[P2P][Service] heartBeat,connected count=4
info|2020-11-29 10:05:29.345483|[P2P][Service] heartBeat,connected count=4
info|2020-11-29 10:05:39.345864|[P2P][Service] heartBeat,connected count=4
info|2020-11-29 10:05:49.346376|[P2P][Service] heartBeat,connected count=4
info|2020-11-29 10:05:59.347042|[P2P][Service] heartBeat,connected count=4
info|2020-11-29 10:06:09.347107|[P2P][Service] heartBeat,connected count=4
info|2020-11-29 10:06:19.347167|[P2P][Service] heartBeat,connected count=4
info|2020-11-29 10:06:29.347229|[P2P][Service] heartBeat,connected count=4
info|2020-11-29 10:06:39.347287|[P2P][Service] heartBeat,connected count=4
info|2020-11-29 10:06:49.347559|[P2P][Service] heartBeat,connected count=4
info|2020-11-29 10:06:59.347623|[P2P][Service] heartBeat,connected count=4
info|2020-11-29 10:07:09.347700|[P2P][Service] heartBeat,connected count=4
info|2020-11-29 10:07:19.347768|[P2P][Service] heartBeat,connected count=4
info|2020-11-29 10:07:29.347817|[P2P][Service] heartBeat,connected count=4
info|2020-11-29 10:07:39.347871|[P2P][Service] heartBeat,connected count=4
info|2020-11-29 10:07:49.347931|[P2P][Service] heartBeat,connected count=4
info|2020-11-29 10:07:59.347986|[P2P][Service] heartBeat,connected count=4
info|2020-11-29 10:08:09.348041|[P2P][Service] heartBeat,connected count=4
info|2020-11-29 10:08:19.348111|[P2P][Service] heartBeat,connected count=4
info|2020-11-29 10:08:29.348171|[P2P][Service] heartBeat,connected count=4
info|2020-11-29 10:08:39.348229|[P2P][Service] heartBeat,connected count=4
info|2020-11-29 10:08:49.348300|[P2P][Service] heartBeat,connected count=4
info|2020-11-29 10:08:59.349689|[P2P][Service] heartBeat,connected count=4
info|2020-11-29 10:09:09.350498|[P2P][Service] heartBeat,connected count=4
info|2020-11-29 10:09:19.350569|[P2P][Service] heartBeat,connected count=4
info|2020-11-29 10:09:29.350632|[P2P][Service] heartBeat,connected count=4
info|2020-11-29 10:09:39.350688|[P2P][Service] heartBeat,connected count=4
info|2020-11-29 10:09:49.350747|[P2P][Service] heartBeat,connected count=4
info|2020-11-29 10:09:59.351202|[P2P][Service] heartBeat,connected count=4
info|2020-11-29 10:10:09.351279|[P2P][Service] heartBeat,connected count=4
info|2020-11-29 10:10:19.351488|[P2P][Service] heartBeat,connected count=4
info|2020-11-29 10:10:29.351571|[P2P][Service] heartBeat,connected count=4
info|2020-11-29 10:10:39.351646|[P2P][Service] heartBeat,connected count=4
info|2020-11-29 10:10:49.351711|[P2P][Service] heartBeat,connected count=4
info|2020-11-29 10:10:59.351767|[P2P][Service] heartBeat,connected count=4
info|2020-11-29 10:11:09.351827|[P2P][Service] heartBeat,connected count=4
info|2020-11-29 10:11:19.352072|[P2P][Service] heartBeat,connected count=4
info|2020-11-29 10:11:29.352144|[P2P][Service] heartBeat,connected count=4
info|2020-11-29 10:11:39.352220|[P2P][Service] heartBeat,connected count=4
info|2020-11-29 10:11:49.352572|[P2P][Service] heartBeat,connected count=4
info|2020-11-29 10:11:59.352642|[P2P][Service] heartBeat,connected count=4
info|2020-11-29 10:12:09.352892|[P2P][Service] heartBeat,connected count=4
info|2020-11-29 10:12:19.353015|[P2P][Service] heartBeat,connected count=4
info|2020-11-29 10:12:29.353111|[P2P][Service] heartBeat,connected count=4
info|2020-11-29 10:12:39.353182|[P2P][Service] heartBeat,connected count=4
info|2020-11-29 10:12:49.353248|[P2P][Service] heartBeat,connected count=4
info|2020-11-29 10:12:59.353528|[P2P][Service] heartBeat,connected count=4
info|2020-11-29 10:13:09.353591|[P2P][Service] heartBeat,connected count=4
info|2020-11-29 10:13:19.353666|[P2P][Service] heartBeat,connected count=4
info|2020-11-29 10:13:29.354471|[P2P][Service] heartBeat,connected count=4
info|2020-11-29 10:13:39.354696|[P2P][Service] heartBeat,connected count=4
info|2020-11-29 10:13:49.354759|[P2P][Service] heartBeat,connected count=4
info|2020-11-29 10:13:59.354817|[P2P][Service] heartBeat,connected count=4
info|2020-11-29 10:14:09.355562|[P2P][Service] heartBeat,connected count=4
info|2020-11-29 10:14:19.355783|[P2P][Service] heartBeat,connected count=4
info|2020-11-29 10:14:29.355846|[P2P][Service] heartBeat,connected count=4
info|2020-11-29 10:14:39.355918|[P2P][Service] heartBeat,connected count=4
info|2020-11-29 10:14:49.355992|[P2P][Service] heartBeat,connected count=4
info|2020-11-29 10:14:59.356056|[P2P][Service] heartBeat,connected count=4
info|2020-11-29 10:15:09.356114|[P2P][Service] heartBeat,connected count=4
info|2020-11-29 10:15:19.356220|[P2P][Service] heartBeat,connected count=4
info|2020-11-29 10:15:29.357048|[P2P][Service] heartBeat,connected count=4
info|2020-11-29 10:15:39.357419|[P2P][Service] heartBeat,connected count=4
info|2020-11-29 10:15:49.357473|[P2P][Service] heartBeat,connected count=4
info|2020-11-29 10:15:59.357546|[P2P][Service] heartBeat,connected count=4
info|2020-11-29 10:16:09.357617|[P2P][Service] heartBeat,connected count=4
info|2020-11-29 10:16:19.357681|[P2P][Service] heartBeat,connected count=4
info|2020-11-29 10:16:29.357792|[P2P][Service] heartBeat,connected count=4
info|2020-11-29 10:16:39.358159|[P2P][Service] heartBeat,connected count=4
info|2020-11-29 10:16:49.358219|[P2P][Service] heartBeat,connected count=4
info|2020-11-29 10:16:59.358322|[P2P][Service] heartBeat,connected count=4
info|2020-11-29 10:17:09.358752|[P2P][Service] heartBeat,connected count=4
info|2020-11-29 10:17:19.358821|[P2P][Service] heartBeat,connected count=4
info|2020-11-29 10:17:29.358876|[P2P][Service] heartBeat,connected count=4
info|2020-11-29 10:17:39.358948|[P2P][Service] heartBeat,connected count=4
info|2020-11-29 10:17:49.359468|[P2P][Service] heartBeat,connected count=4
info|2020-11-29 10:17:59.359533|[P2P][Service] heartBeat,connected count=4
info|2020-11-29 10:18:09.359597|[P2P][Service] heartBeat,connected count=4
info|2020-11-29 10:18:19.359652|[P2P][Service] heartBeat,connected count=4
info|2020-11-29 10:18:29.359710|[P2P][Service] heartBeat,connected count=4
info|2020-11-29 10:18:39.359781|[P2P][Service] heartBeat,connected count=4
info|2020-11-29 10:18:49.359846|[P2P][Service] heartBeat,connected count=4
info|2020-11-29 10:18:59.360020|[P2P][Service] heartBeat,connected count=4
info|2020-11-29 10:19:09.360089|[P2P][Service] heartBeat,connected count=4
info|2020-11-29 10:19:19.360152|[P2P][Service] heartBeat,connected count=4
info|2020-11-29 10:19:29.360227|[P2P][Service] heartBeat,connected count=4
info|2020-11-29 10:19:39.360462|[P2P][Service] heartBeat,connected count=4
info|2020-11-29 10:19:49.360583|[P2P][Service] heartBeat,connected count=4
info|2020-11-29 10:19:59.361173|[P2P][Service] heartBeat,connected count=4
info|2020-11-29 10:20:09.361241|[P2P][Service] heartBeat,connected count=4
info|2020-11-29 10:20:19.361314|[P2P][Service] heartBeat,connected count=4
info|2020-11-29 10:20:29.361858|[P2P][Service] heartBeat,connected count=4
info|2020-11-29 10:20:39.361919|[P2P][Service] heartBeat,connected count=4
info|2020-11-29 10:20:49.361982|[P2P][Service] heartBeat,connected count=4
info|2020-11-29 10:20:59.362386|[P2P][Service] heartBeat,connected count=4
info|2020-11-29 10:21:09.362449|[P2P][Service] heartBeat,connected count=4
info|2020-11-29 10:21:19.362513|[P2P][Service] heartBeat,connected count=4
info|2020-11-29 10:21:29.363173|[P2P][Service] heartBeat,connected count=4
info|2020-11-29 10:21:39.363235|[P2P][Service] heartBeat,connected count=4
info|2020-11-29 10:21:49.363296|[P2P][Service] heartBeat,connected count=4
info|2020-11-29 10:21:59.363376|[P2P][Service] heartBeat,connected count=4
info|2020-11-29 10:22:09.363437|[P2P][Service] heartBeat,connected count=4
info|2020-11-29 10:22:19.363538|[P2P][Service] heartBeat,connected count=4
info|2020-11-29 10:22:29.363961|[P2P][Service] heartBeat,connected count=4
info|2020-11-29 10:22:39.364039|[P2P][Service] heartBeat,connected count=4
info|2020-11-29 10:22:49.364727|[P2P][Service] heartBeat,connected count=4
info|2020-11-29 10:22:59.364818|[P2P][Service] heartBeat,connected count=4
info|2020-11-29 10:23:09.364886|[P2P][Service] heartBeat,connected count=4
info|2020-11-29 10:23:19.364940|[P2P][Service] heartBeat,connected count=4
info|2020-11-29 10:23:29.365004|[P2P][Service] heartBeat,connected count=4
info|2020-11-29 10:23:39.365062|[P2P][Service] heartBeat,connected count=4
info|2020-11-29 10:23:49.365158|[P2P][Service] heartBeat,connected count=4
info|2020-11-29 10:23:59.365215|[P2P][Service] heartBeat,connected count=4
info|2020-11-29 10:24:09.365286|[P2P][Service] heartBeat,connected count=4
info|2020-11-29 10:24:19.366181|[P2P][Service] heartBeat,connected count=4
info|2020-11-29 10:24:29.366361|[P2P][Service] heartBeat,connected count=4
info|2020-11-29 10:24:39.367136|[P2P][Service] heartBeat,connected count=4
info|2020-11-29 10:24:49.367343|[P2P][Service] heartBeat,connected count=4
info|2020-11-29 10:24:59.367406|[P2P][Service] heartBeat,connected count=4
info|2020-11-29 10:25:09.368411|[P2P][Service] heartBeat,connected count=4
info|2020-11-29 10:25:19.368998|[P2P][Service] heartBeat,connected count=4
info|2020-11-29 10:25:29.369060|[P2P][Service] heartBeat,connected count=4
info|2020-11-29 10:25:39.369119|[P2P][Service] heartBeat,connected count=4
info|2020-11-29 10:25:49.369208|[P2P][Service] heartBeat,connected count=4
info|2020-11-29 10:25:59.369276|[P2P][Service] heartBeat,connected count=4
info|2020-11-29 10:26:09.369337|[P2P][Service] heartBeat,connected count=4
info|2020-11-29 10:26:19.369398|[P2P][Service] heartBeat,connected count=4
info|2020-11-29 10:26:29.369461|[P2P][Service] heartBeat,connected count=4
info|2020-11-29 10:26:39.370327|[P2P][Service] heartBeat,connected count=4
info|2020-11-29 10:26:49.370410|[P2P][Service] heartBeat,connected count=4
info|2020-11-29 10:26:59.370472|[P2P][Service] heartBeat,connected count=4
info|2020-11-29 10:27:09.371463|[P2P][Service] heartBeat,connected count=4
info|2020-11-29 10:27:19.371537|[P2P][Service] heartBeat,connected count=4
info|2020-11-29 10:27:29.371608|[P2P][Service] heartBeat,connected count=4
info|2020-11-29 10:27:39.371671|[P2P][Service] heartBeat,connected count=4
info|2020-11-29 10:27:49.371735|[P2P][Service] heartBeat,connected count=4
info|2020-11-29 10:27:59.372450|[P2P][Service] heartBeat,connected count=4
info|2020-11-29 10:28:09.372861|[P2P][Service] heartBeat,connected count=4
info|2020-11-29 10:28:19.372926|[P2P][Service] heartBeat,connected count=4
info|2020-11-29 10:28:29.373001|[P2P][Service] heartBeat,connected count=4
info|2020-11-29 10:28:39.373105|[P2P][Service] heartBeat,connected count=4
info|2020-11-29 10:28:49.373247|[P2P][Service] heartBeat,connected count=4
info|2020-11-29 10:28:59.373833|[P2P][Service] heartBeat,connected count=4
info|2020-11-29 10:29:09.373893|[P2P][Service] heartBeat,connected count=4
info|2020-11-29 10:29:19.373969|[P2P][Service] heartBeat,connected count=4
info|2020-11-29 10:29:29.374050|[P2P][Service] heartBeat,connected count=4
info|2020-11-29 10:29:39.374926|[P2P][Service] heartBeat,connected count=4
info|2020-11-29 10:29:49.375051|[P2P][Service] heartBeat,connected count=4
info|2020-11-29 10:29:59.375116|[P2P][Service] heartBeat,connected count=4
info|2020-11-29 10:30:09.375195|[P2P][Service] heartBeat,connected count=4
info|2020-11-29 10:30:19.375269|[P2P][Service] heartBeat,connected count=4
info|2020-11-29 10:30:29.375333|[P2P][Service] heartBeat,connected count=4
info|2020-11-29 10:30:39.375406|[P2P][Service] heartBeat,connected count=4
info|2020-11-29 10:30:49.375515|[P2P][Service] heartBeat,connected count=4
info|2020-11-29 10:30:59.375596|[P2P][Service] heartBeat,connected count=4
info|2020-11-29 10:31:09.376034|[P2P][Service] heartBeat,connected count=4
info|2020-11-29 10:31:19.376935|[P2P][Service] heartBeat,connected count=4
info|2020-11-29 10:31:29.376998|[P2P][Service] heartBeat,connected count=4
info|2020-11-29 10:31:39.377063|[P2P][Service] heartBeat,connected count=4
info|2020-11-29 10:31:49.377128|[P2P][Service] heartBeat,connected count=4
info|2020-11-29 10:31:59.377202|[P2P][Service] heartBeat,connected count=4
info|2020-11-29 10:32:09.377269|[P2P][Service] heartBeat,connected count=4
info|2020-11-29 10:32:19.377331|[P2P][Service] heartBeat,connected count=4
info|2020-11-29 10:32:29.377390|[P2P][Service] heartBeat,connected count=4
info|2020-11-29 10:32:39.377457|[P2P][Service] heartBeat,connected count=4
info|2020-11-29 10:32:49.377514|[P2P][Service] heartBeat,connected count=4
info|2020-11-29 10:32:59.377595|[P2P][Service] heartBeat,connected count=4
info|2020-11-29 10:33:09.377656|[P2P][Service] heartBeat,connected count=4
info|2020-11-29 10:33:19.377753|[P2P][Service] heartBeat,connected count=4
info|2020-11-29 10:33:29.377822|[P2P][Service] heartBeat,connected count=4
info|2020-11-29 10:33:39.378460|[P2P][Service] heartBeat,connected count=4
info|2020-11-29 10:33:49.378537|[P2P][Service] heartBeat,connected count=4
info|2020-11-29 10:33:59.378606|[P2P][Service] heartBeat,connected count=4
info|2020-11-29 10:34:09.378706|[P2P][Service] heartBeat,connected count=4
info|2020-11-29 10:34:19.378778|[P2P][Service] heartBeat,connected count=4
info|2020-11-29 10:34:29.379253|[P2P][Service] heartBeat,connected count=4
info|2020-11-29 10:34:39.379314|[P2P][Service] heartBeat,connected count=4
info|2020-11-29 10:34:49.379376|[P2P][Service] heartBeat,connected count=4
info|2020-11-29 10:34:59.379500|[P2P][Service] heartBeat,connected count=4
info|2020-11-29 10:35:09.379577|[P2P][Service] heartBeat,connected count=4
info|2020-11-29 10:35:19.379633|[P2P][Service] heartBeat,connected count=4
info|2020-11-29 10:35:29.379696|[P2P][Service] heartBeat,connected count=4
info|2020-11-29 10:35:39.379754|[P2P][Service] heartBeat,connected count=4
info|2020-11-29 10:35:49.379810|[P2P][Service] heartBeat,connected count=4
info|2020-11-29 10:35:59.379917|[P2P][Service] heartBeat,connected count=4
info|2020-11-29 10:36:09.380530|[P2P][Service] heartBeat,connected count=4
info|2020-11-29 10:36:19.381256|[P2P][Service] heartBeat,connected count=4
info|2020-11-29 10:36:29.381600|[P2P][Service] heartBeat,connected count=4
info|2020-11-29 10:36:39.381679|[P2P][Service] heartBeat,connected count=4
info|2020-11-29 10:36:49.381743|[P2P][Service] heartBeat,connected count=4
info|2020-11-29 10:36:59.381904|[P2P][Service] heartBeat,connected count=4
info|2020-11-29 10:37:09.382203|[P2P][Service] heartBeat,connected count=4
info|2020-11-29 10:37:19.382568|[P2P][Service] heartBeat,connected count=4
info|2020-11-29 10:37:29.382644|[P2P][Service] heartBeat,connected count=4
info|2020-11-29 10:37:39.382716|[P2P][Service] heartBeat,connected count=4
info|2020-11-29 10:37:49.382818|[P2P][Service] heartBeat,connected count=4
info|2020-11-29 10:37:59.382888|[P2P][Service] heartBeat,connected count=4
info|2020-11-29 10:38:09.383631|[P2P][Service] heartBeat,connected count=4
info|2020-11-29 10:38:19.383691|[P2P][Service] heartBeat,connected count=4
info|2020-11-29 10:38:29.384497|[P2P][Service] heartBeat,connected count=4
info|2020-11-29 10:38:39.384565|[P2P][Service] heartBeat,connected count=4
info|2020-11-29 10:38:49.384628|[P2P][Service] heartBeat,connected count=4
info|2020-11-29 10:38:59.385134|[P2P][Service] heartBeat,connected count=4
info|2020-11-29 10:39:09.385704|[P2P][Service] heartBeat,connected count=4
info|2020-11-29 10:39:19.385790|[P2P][Service] heartBeat,connected count=4
info|2020-11-29 10:39:29.385860|[P2P][Service] heartBeat,connected count=4
info|2020-11-29 10:39:39.385923|[P2P][Service] heartBeat,connected count=4
info|2020-11-29 10:39:49.386844|[P2P][Service] heartBeat,connected count=4
info|2020-11-29 10:39:59.386907|[P2P][Service] heartBeat,connected count=4
info|2020-11-29 10:40:09.387696|[P2P][Service] heartBeat,connected count=4
info|2020-11-29 10:40:19.387754|[P2P][Service] heartBeat,connected count=4
info|2020-11-29 10:40:29.388723|[P2P][Service] heartBeat,connected count=4
info|2020-11-29 10:40:39.388796|[P2P][Service] heartBeat,connected count=4
info|2020-11-29 10:40:49.388861|[P2P][Service] heartBeat,connected count=4
info|2020-11-29 10:40:59.388918|[P2P][Service] heartBeat,connected count=4
info|2020-11-29 10:41:09.389688|[P2P][Service] heartBeat,connected count=4
info|2020-11-29 10:41:19.389749|[P2P][Service] heartBeat,connected count=4
info|2020-11-29 10:41:29.389814|[P2P][Service] heartBeat,connected count=4
info|2020-11-29 10:41:39.390846|[P2P][Service] heartBeat,connected count=4
info|2020-11-29 10:41:49.390984|[P2P][Service] heartBeat,connected count=4
info|2020-11-29 10:41:59.391050|[P2P][Service] heartBeat,connected count=4
info|2020-11-29 10:42:09.391120|[P2P][Service] heartBeat,connected count=4
info|2020-11-29 10:42:19.391191|[P2P][Service] heartBeat,connected count=4
info|2020-11-29 10:42:29.391264|[P2P][Service] heartBeat,connected count=4
info|2020-11-29 10:42:39.391345|[P2P][Service] heartBeat,connected count=4
info|2020-11-29 10:42:49.391402|[P2P][Service] heartBeat,connected count=4
info|2020-11-29 10:42:59.391469|[P2P][Service] heartBeat,connected count=4
info|2020-11-29 10:43:09.391540|[P2P][Service] heartBeat,connected count=4
info|2020-11-29 10:43:19.391614|[P2P][Service] heartBeat,connected count=4
info|2020-11-29 10:43:29.391678|[P2P][Service] heartBeat,connected count=4
info|2020-11-29 10:43:39.391756|[P2P][Service] heartBeat,connected count=4
info|2020-11-29 10:43:49.391814|[P2P][Service] heartBeat,connected count=4
info|2020-11-29 10:43:59.391890|[P2P][Service] heartBeat,connected count=4
info|2020-11-29 10:44:09.391958|[P2P][Service] heartBeat,connected count=4
info|2020-11-29 10:44:19.392023|[P2P][Service] heartBeat,connected count=4
info|2020-11-29 10:44:29.392674|[P2P][Service] heartBeat,connected count=4
info|2020-11-29 10:44:39.392738|[P2P][Service] heartBeat,connected count=4
info|2020-11-29 10:44:49.392819|[P2P][Service] heartBeat,connected count=4
info|2020-11-29 10:44:59.392897|[P2P][Service] heartBeat,connected count=4
info|2020-11-29 10:45:09.392975|[P2P][Service] heartBeat,connected count=4
info|2020-11-29 10:45:19.393036|[P2P][Service] heartBeat,connected count=4
info|2020-11-29 10:45:29.393111|[P2P][Service] heartBeat,connected count=4
info|2020-11-29 10:45:39.393718|[P2P][Service] heartBeat,connected count=4
info|2020-11-29 10:45:49.393782|[P2P][Service] heartBeat,connected count=4
info|2020-11-29 10:45:59.393847|[P2P][Service] heartBeat,connected count=4
info|2020-11-29 10:46:09.393961|[P2P][Service] heartBeat,connected count=4
info|2020-11-29 10:46:19.394029|[P2P][Service] heartBeat,connected count=4
info|2020-11-29 10:46:29.394293|[P2P][Service] heartBeat,connected count=4
info|2020-11-29 10:46:39.394893|[P2P][Service] heartBeat,connected count=4
info|2020-11-29 10:46:49.394964|[P2P][Service] heartBeat,connected count=4
info|2020-11-29 10:46:59.395050|[P2P][Service] heartBeat,connected count=4
info|2020-11-29 10:47:09.395118|[P2P][Service] heartBeat,connected count=4
info|2020-11-29 10:47:19.395214|[P2P][Service] heartBeat,connected count=4
info|2020-11-29 10:47:29.395279|[P2P][Service] heartBeat,connected count=4
info|2020-11-29 10:47:39.395340|[P2P][Service] heartBeat,connected count=4
info|2020-11-29 10:47:49.395403|[P2P][Service] heartBeat,connected count=4
info|2020-11-29 10:47:59.395674|[P2P][Service] heartBeat,connected count=4
info|2020-11-29 10:48:09.395744|[P2P][Service] heartBeat,connected count=4
info|2020-11-29 10:48:19.395805|[P2P][Service] heartBeat,connected count=4
info|2020-11-29 10:48:29.396137|[P2P][Service] heartBeat,connected count=4
info|2020-11-29 10:48:39.396593|[P2P][Service] heartBeat,connected count=4
info|2020-11-29 10:48:49.396938|[P2P][Service] heartBeat,connected count=4
info|2020-11-29 10:48:59.397619|[P2P][Service] heartBeat,connected count=4
info|2020-11-29 10:49:09.398503|[P2P][Service] heartBeat,connected count=4
info|2020-11-29 10:49:19.399014|[P2P][Service] heartBeat,connected count=4
info|2020-11-29 10:49:29.399624|[P2P][Service] heartBeat,connected count=4
info|2020-11-29 10:49:39.399819|[P2P][Service] heartBeat,connected count=4
info|2020-11-29 10:49:49.399902|[P2P][Service] heartBeat,connected count=4
info|2020-11-29 10:49:59.399997|[P2P][Service] heartBeat,connected count=4
info|2020-11-29 10:50:09.400103|[P2P][Service] heartBeat,connected count=4
info|2020-11-29 10:50:19.400173|[P2P][Service] heartBeat,connected count=4
info|2020-11-29 10:50:29.400236|[P2P][Service] heartBeat,connected count=4
info|2020-11-29 10:50:39.400302|[P2P][Service] heartBeat,connected count=4
info|2020-11-29 10:50:49.400539|[P2P][Service] heartBeat,connected count=4
info|2020-11-29 10:50:59.400645|[P2P][Service] heartBeat,connected count=4
info|2020-11-29 10:51:09.400704|[P2P][Service] heartBeat,connected count=4
info|2020-11-29 10:51:19.400775|[P2P][Service] heartBeat,connected count=4
info|2020-11-29 10:51:29.400840|[P2P][Service] heartBeat,connected count=4
info|2020-11-29 10:51:39.400913|[P2P][Service] heartBeat,connected count=4
info|2020-11-29 10:51:49.400976|[P2P][Service] heartBeat,connected count=4
info|2020-11-29 10:51:59.401048|[P2P][Service] heartBeat,connected count=4
info|2020-11-29 10:52:09.401110|[P2P][Service] heartBeat,connected count=4
info|2020-11-29 10:52:19.401173|[P2P][Service] heartBeat,connected count=4
info|2020-11-29 10:52:29.401556|[P2P][Service] heartBeat,connected count=4
info|2020-11-29 10:52:39.401997|[P2P][Service] heartBeat,connected count=4
info|2020-11-29 10:52:49.402386|[P2P][Service] heartBeat,connected count=4
info|2020-11-29 10:52:59.402476|[P2P][Service] heartBeat,connected count=4
info|2020-11-29 10:53:09.403215|[P2P][Service] heartBeat,connected count=4
info|2020-11-29 10:53:19.403283|[P2P][Service] heartBeat,connected count=4
info|2020-11-29 10:53:29.403366|[P2P][Service] heartBeat,connected count=4
info|2020-11-29 10:53:39.404073|[P2P][Service] heartBeat,connected count=4
info|2020-11-29 10:53:49.404144|[P2P][Service] heartBeat,connected count=4
info|2020-11-29 10:53:59.404224|[P2P][Service] heartBeat,connected count=4
info|2020-11-29 10:54:09.404743|[P2P][Service] heartBeat,connected count=4
info|2020-11-29 10:54:19.404814|[P2P][Service] heartBeat,connected count=4
info|2020-11-29 10:54:29.404942|[P2P][Service] heartBeat,connected count=4
info|2020-11-29 10:54:39.405003|[P2P][Service] heartBeat,connected count=4
info|2020-11-29 10:54:49.405426|[P2P][Service] heartBeat,connected count=4
info|2020-11-29 10:54:59.406262|[P2P][Service] heartBeat,connected count=4
info|2020-11-29 10:55:09.406335|[P2P][Service] heartBeat,connected count=4
info|2020-11-29 10:55:19.406394|[P2P][Service] heartBeat,connected count=4
info|2020-11-29 10:55:29.406453|[P2P][Service] heartBeat,connected count=4
info|2020-11-29 10:55:39.406550|[P2P][Service] heartBeat,connected count=4
info|2020-11-29 10:55:49.406627|[P2P][Service] heartBeat,connected count=4
info|2020-11-29 10:55:59.406942|[P2P][Service] heartBeat,connected count=4
info|2020-11-29 10:56:09.407019|[P2P][Service] heartBeat,connected count=4
info|2020-11-29 10:56:19.407582|[P2P][Service] heartBeat,connected count=4
info|2020-11-29 10:56:29.407982|[P2P][Service] heartBeat,connected count=4
info|2020-11-29 10:56:39.408048|[P2P][Service] heartBeat,connected count=4
info|2020-11-29 10:56:49.409169|[P2P][Service] heartBeat,connected count=4
info|2020-11-29 10:56:59.409229|[P2P][Service] heartBeat,connected count=4
info|2020-11-29 10:57:09.409293|[P2P][Service] heartBeat,connected count=4
info|2020-11-29 10:57:19.409392|[P2P][Service] heartBeat,connected count=4
info|2020-11-29 10:57:29.409877|[P2P][Service] heartBeat,connected count=4
info|2020-11-29 10:57:39.409939|[P2P][Service] heartBeat,connected count=4
info|2020-11-29 10:57:49.412654|[P2P][Service] heartBeat,connected count=4
info|2020-11-29 10:57:59.413115|[P2P][Service] heartBeat,connected count=4
info|2020-11-29 10:58:09.413193|[P2P][Service] heartBeat,connected count=4
info|2020-11-29 10:58:19.413702|[P2P][Service] heartBeat,connected count=4
info|2020-11-29 10:58:29.413767|[P2P][Service] heartBeat,connected count=4
info|2020-11-29 10:58:39.413817|[P2P][Service] heartBeat,connected count=4
info|2020-11-29 10:58:49.413898|[P2P][Service] heartBeat,connected count=4
info|2020-11-29 10:58:59.413960|[P2P][Service] heartBeat,connected count=4
info|2020-11-29 10:59:09.414027|[P2P][Service] heartBeat,connected count=4
info|2020-11-29 10:59:19.414191|[P2P][Service] heartBeat,connected count=4
info|2020-11-29 10:59:29.415015|[P2P][Service] heartBeat,connected count=4
info|2020-11-29 10:59:39.415094|[P2P][Service] heartBeat,connected count=4
info|2020-11-29 10:59:49.415156|[P2P][Service] heartBeat,connected count=4
info|2020-11-29 10:59:59.415374|[P2P][Service] heartBeat,connected count=4
